{"name":"tearDown","status":"broken","statusDetails":{"known":false,"muted":false,"flaky":false,"message":"Error communicating with the remote browser. It may have died.\nBuild info: version: '4.0.0-alpha-3', revision: '8c567de6dc'\nSystem info: host: 'PC1', ip: '192.168.0.4', os.name: 'Windows 8.1', os.arch: 'x86', os.version: '6.3', java.version: '1.8.0_241'\nDriver info: driver.version: ChromiumDriver\nCapabilities {acceptInsecureCerts: false, browserName: chrome, browserVersion: 83.0.4103.97, chrome: {chromedriverVersion: 83.0.4103.39 (ccbf011cb2d2b..., userDataDir: C:\\Users\\SABARISH\\AppData\\L...}, goog:chromeOptions: {debuggerAddress: localhost:52666}, javascriptEnabled: true, networkConnectionEnabled: false, pageLoadStrategy: normal, platform: WINDOWS, platformName: WINDOWS, proxy: Proxy(), setWindowRect: true, strictFileInteractability: false, timeouts: {implicit: 0, pageLoad: 300000, script: 30000}, unhandledPromptBehavior: dismiss and notify, webauthn:virtualAuthenticators: true}","trace":"org.openqa.selenium.remote.UnreachableBrowserException: Error communicating with the remote browser. It may have died.\nBuild info: version: '4.0.0-alpha-3', revision: '8c567de6dc'\nSystem info: host: 'PC1', ip: '192.168.0.4', os.name: 'Windows 8.1', os.arch: 'x86', os.version: '6.3', java.version: '1.8.0_241'\nDriver info: driver.version: ChromiumDriver\nCapabilities {acceptInsecureCerts: false, browserName: chrome, browserVersion: 83.0.4103.97, chrome: {chromedriverVersion: 83.0.4103.39 (ccbf011cb2d2b..., userDataDir: C:\\Users\\SABARISH\\AppData\\L...}, goog:chromeOptions: {debuggerAddress: localhost:52666}, javascriptEnabled: true, networkConnectionEnabled: false, pageLoadStrategy: normal, platform: WINDOWS, platformName: WINDOWS, proxy: Proxy(), setWindowRect: true, strictFileInteractability: false, timeouts: {implicit: 0, pageLoad: 300000, script: 30000}, unhandledPromptBehavior: dismiss and notify, webauthn:virtualAuthenticators: true}\r\n\tat org.openqa.selenium.remote.RemoteWebDriver.execute(RemoteWebDriver.java:597)\r\n\tat org.openqa.selenium.remote.RemoteWebDriver.execute(RemoteWebDriver.java:633)\r\n\tat org.openqa.selenium.remote.RemoteWebDriver.execute(RemoteWebDriver.java:637)\r\n\tat org.openqa.selenium.remote.RemoteWebDriver.quit(RemoteWebDriver.java:473)\r\n\tat org.openqa.selenium.chromium.ChromiumDriver.quit(ChromiumDriver.java:193)\r\n\tat com.hubspot.base.BasePage.closeBrowser(BasePage.java:70)\r\n\tat com.hubspot.tests.LoginPageTest.tearDown(LoginPageTest.java:62)\r\n\tat sun.reflect.NativeMethodAccessorImpl.invoke0(Native Method)\r\n\tat sun.reflect.NativeMethodAccessorImpl.invoke(Unknown Source)\r\n\tat sun.reflect.DelegatingMethodAccessorImpl.invoke(Unknown Source)\r\n\tat java.lang.reflect.Method.invoke(Unknown Source)\r\n\tat org.testng.internal.MethodInvocationHelper.invokeMethod(MethodInvocationHelper.java:133)\r\n\tat org.testng.internal.MethodInvocationHelper.invokeMethodConsideringTimeout(MethodInvocationHelper.java:62)\r\n\tat org.testng.internal.ConfigInvoker.invokeConfigurationMethod(ConfigInvoker.java:340)\r\n\tat org.testng.internal.ConfigInvoker.invokeConfigurations(ConfigInvoker.java:294)\r\n\tat org.testng.internal.TestInvoker.runConfigMethods(TestInvoker.java:683)\r\n\tat org.testng.internal.TestInvoker.runAfterGroupsConfigurations(TestInvoker.java:658)\r\n\tat org.testng.internal.TestInvoker.invokeMethod(TestInvoker.java:642)\r\n\tat org.testng.internal.TestInvoker.invokeTestMethod(TestInvoker.java:172)\r\n\tat org.testng.internal.MethodRunner.runInSequence(MethodRunner.java:46)\r\n\tat org.testng.internal.TestInvoker$MethodInvocationAgent.invoke(TestInvoker.java:804)\r\n\tat org.testng.internal.TestInvoker.invokeTestMethods(TestInvoker.java:145)\r\n\tat org.testng.internal.TestMethodWorker.invokeTestMethods(TestMethodWorker.java:146)\r\n\tat org.testng.internal.TestMethodWorker.run(TestMethodWorker.java:128)\r\n\tat java.util.concurrent.ThreadPoolExecutor.runWorker(Unknown Source)\r\n\tat java.util.concurrent.ThreadPoolExecutor$Worker.run(Unknown Source)\r\n\tat java.lang.Thread.run(Unknown Source)\r\nCaused by: java.io.UncheckedIOException: java.net.ConnectException: Failed to connect to localhost/0:0:0:0:0:0:0:1:33201\r\n\tat org.openqa.selenium.remote.http.okhttp.OkHandler.makeCall(OkHandler.java:63)\r\n\tat org.openqa.selenium.remote.http.AddSeleniumUserAgent.lambda$apply$0(AddSeleniumUserAgent.java:42)\r\n\tat org.openqa.selenium.remote.http.Filter.lambda$andFinally$1(Filter.java:55)\r\n\tat org.openqa.selenium.remote.http.okhttp.OkHandler.execute(OkHandler.java:52)\r\n\tat org.openqa.selenium.remote.http.AddSeleniumUserAgent.lambda$apply$0(AddSeleniumUserAgent.java:42)\r\n\tat org.openqa.selenium.remote.http.Filter.lambda$andFinally$1(Filter.java:55)\r\n\tat org.openqa.selenium.remote.http.okhttp.OkHttpClient.execute(OkHttpClient.java:45)\r\n\tat org.openqa.selenium.remote.HttpCommandExecutor.execute(HttpCommandExecutor.java:158)\r\n\tat org.openqa.selenium.remote.service.DriverCommandExecutor.execute(DriverCommandExecutor.java:83)\r\n\tat org.openqa.selenium.remote.RemoteWebDriver.execute(RemoteWebDriver.java:576)\r\n\t... 26 more\r\nCaused by: java.net.ConnectException: Failed to connect to localhost/0:0:0:0:0:0:0:1:33201\r\n\tat okhttp3.internal.connection.RealConnection.connectSocket(RealConnection.kt:270)\r\n\tat okhttp3.internal.connection.RealConnection.connect(RealConnection.kt:176)\r\n\tat okhttp3.internal.connection.ExchangeFinder.findConnection(ExchangeFinder.kt:236)\r\n\tat okhttp3.internal.connection.ExchangeFinder.findHealthyConnection(ExchangeFinder.kt:109)\r\n\tat okhttp3.internal.connection.ExchangeFinder.find(ExchangeFinder.kt:77)\r\n\tat okhttp3.internal.connection.Transmitter.newExchange$okhttp(Transmitter.kt:162)\r\n\tat okhttp3.internal.connection.ConnectInterceptor.intercept(ConnectInterceptor.kt:35)\r\n\tat okhttp3.internal.http.RealInterceptorChain.proceed(RealInterceptorChain.kt:112)\r\n\tat okhttp3.internal.http.RealInterceptorChain.proceed(RealInterceptorChain.kt:87)\r\n\tat okhttp3.internal.cache.CacheInterceptor.intercept(CacheInterceptor.kt:82)\r\n\tat okhttp3.internal.http.RealInterceptorChain.proceed(RealInterceptorChain.kt:112)\r\n\tat okhttp3.internal.http.RealInterceptorChain.proceed(RealInterceptorChain.kt:87)\r\n\tat okhttp3.internal.http.BridgeInterceptor.intercept(BridgeInterceptor.kt:84)\r\n\tat okhttp3.internal.http.RealInterceptorChain.proceed(RealInterceptorChain.kt:112)\r\n\tat okhttp3.internal.http.RetryAndFollowUpInterceptor.intercept(RetryAndFollowUpInterceptor.kt:71)\r\n\tat okhttp3.internal.http.RealInterceptorChain.proceed(RealInterceptorChain.kt:112)\r\n\tat okhttp3.internal.http.RealInterceptorChain.proceed(RealInterceptorChain.kt:87)\r\n\tat okhttp3.RealCall.getResponseWithInterceptorChain(RealCall.kt:184)\r\n\tat okhttp3.RealCall.execute(RealCall.kt:66)\r\n\tat org.openqa.selenium.remote.http.okhttp.OkHandler.makeCall(OkHandler.java:60)\r\n\t... 35 more\r\nCaused by: java.net.ConnectException: Connection refused: connect\r\n\tat java.net.DualStackPlainSocketImpl.waitForConnect(Native Method)\r\n\tat java.net.DualStackPlainSocketImpl.socketConnect(Unknown Source)\r\n\tat java.net.AbstractPlainSocketImpl.doConnect(Unknown Source)\r\n\tat java.net.AbstractPlainSocketImpl.connectToAddress(Unknown Source)\r\n\tat java.net.AbstractPlainSocketImpl.connect(Unknown Source)\r\n\tat java.net.PlainSocketImpl.connect(Unknown Source)\r\n\tat java.net.SocksSocketImpl.connect(Unknown Source)\r\n\tat java.net.Socket.connect(Unknown Source)\r\n\tat okhttp3.internal.platform.Platform.connectSocket(Platform.kt:126)\r\n\tat okhttp3.internal.connection.RealConnection.connectSocket(RealConnection.kt:268)\r\n\t... 54 more\r\n"},"stage":"finished","steps":[],"attachments":[],"parameters":[],"start":1591968422602,"stop":1591968422604,"uuid":"684d9426-25af-4885-b60e-6c90e827d462","historyId":"2ac4755e84ef65c6d0e2e189debb10a0","fullName":"com.hubspot.tests.LoginPageTest.tearDown","labels":[{"name":"package","value":"com.hubspot.tests.LoginPageTest"},{"name":"testClass","value":"com.hubspot.tests.LoginPageTest"},{"name":"testMethod","value":"tearDown"},{"name":"parentSuite","value":"Regression test Hubspot"},{"name":"suite","value":"Hubspot Test"},{"name":"subSuite","value":"com.hubspot.tests.LoginPageTest"},{"name":"host","value":"PC1"},{"name":"thread","value":"4276@PC1.TestNG-test=Hubspot Test-3(12)"},{"name":"framework","value":"testng"},{"name":"language","value":"java"}],"links":[]}